  Features.cpp
C:\Users\saway\Desktop\プロジェクト\_Cheat\CounterStrike-Source-ExternalCheat\CFramework\Cheat\Features.cpp(1,1): warning C4828: オフセット 0x58a から始まる、現在のソースの文字セット (コードページ 65001) では使用できない文字がファイルに含まれています。
C:\Users\saway\Desktop\プロジェクト\_Cheat\CounterStrike-Source-ExternalCheat\CFramework\Cheat\Features.cpp(1,1): warning C4828: オフセット 0x58c から始まる、現在のソースの文字セット (コードページ 65001) では使用できない文字がファイルに含まれています。
C:\Users\saway\Desktop\プロジェクト\_Cheat\CounterStrike-Source-ExternalCheat\CFramework\Cheat\Features.cpp(1,1): warning C4828: オフセット 0x58e から始まる、現在のソースの文字セット (コードページ 65001) では使用できない文字がファイルに含まれています。
C:\Users\saway\Desktop\プロジェクト\_Cheat\CounterStrike-Source-ExternalCheat\CFramework\Cheat\Features.cpp(1,1): warning C4828: オフセット 0x590 から始まる、現在のソースの文字セット (コードページ 65001) では使用できない文字がファイルに含まれています。
C:\Users\saway\Desktop\プロジェクト\_Cheat\CounterStrike-Source-ExternalCheat\CFramework\Cheat\Features.cpp(1,1): warning C4828: オフセット 0x5b7 から始まる、現在のソースの文字セット (コードページ 65001) では使用できない文字がファイルに含まれています。
C:\Users\saway\Desktop\プロジェクト\_Cheat\CounterStrike-Source-ExternalCheat\CFramework\Cheat\Features.cpp(1,1): warning C4828: オフセット 0x5b8 から始まる、現在のソースの文字セット (コードページ 65001) では使用できない文字がファイルに含まれています。
C:\Users\saway\Desktop\プロジェクト\_Cheat\CounterStrike-Source-ExternalCheat\CFramework\Cheat\Features.cpp(1,1): warning C4828: オフセット 0x5b9 から始まる、現在のソースの文字セット (コードページ 65001) では使用できない文字がファイルに含まれています。
C:\Users\saway\Desktop\プロジェクト\_Cheat\CounterStrike-Source-ExternalCheat\CFramework\Cheat\Features.cpp(1,1): warning C4828: オフセット 0x5ba から始まる、現在のソースの文字セット (コードページ 65001) では使用できない文字がファイルに含まれています。
C:\Users\saway\Desktop\プロジェクト\_Cheat\CounterStrike-Source-ExternalCheat\CFramework\Cheat\Features.cpp(1,1): warning C4828: オフセット 0x5bb から始まる、現在のソースの文字セット (コードページ 65001) では使用できない文字がファイルに含まれています。
C:\Users\saway\Desktop\プロジェクト\_Cheat\CounterStrike-Source-ExternalCheat\CFramework\Cheat\Features.cpp(1,1): warning C4828: オフセット 0x5bc から始まる、現在のソースの文字セット (コードページ 65001) では使用できない文字がファイルに含まれています。
C:\Users\saway\Desktop\プロジェクト\_Cheat\CounterStrike-Source-ExternalCheat\CFramework\Cheat\Features.cpp(1,1): warning C4828: オフセット 0x5bd から始まる、現在のソースの文字セット (コードページ 65001) では使用できない文字がファイルに含まれています。
C:\Users\saway\Desktop\プロジェクト\_Cheat\CounterStrike-Source-ExternalCheat\CFramework\Cheat\Features.cpp(1,1): warning C4828: オフセット 0x5c0 から始まる、現在のソースの文字セット (コードページ 65001) では使用できない文字がファイルに含まれています。
C:\Users\saway\Desktop\プロジェクト\_Cheat\CounterStrike-Source-ExternalCheat\CFramework\Cheat\Features.cpp(1,1): warning C4828: オフセット 0x5c1 から始まる、現在のソースの文字セット (コードページ 65001) では使用できない文字がファイルに含まれています。
C:\Users\saway\Desktop\プロジェクト\_Cheat\CounterStrike-Source-ExternalCheat\CFramework\Cheat\Features.cpp(1,1): warning C4828: オフセット 0x611 から始まる、現在のソースの文字セット (コードページ 65001) では使用できない文字がファイルに含まれています。
C:\Users\saway\Desktop\プロジェクト\_Cheat\CounterStrike-Source-ExternalCheat\CFramework\Cheat\Features.cpp(1,1): warning C4828: オフセット 0x613 から始まる、現在のソースの文字セット (コードページ 65001) では使用できない文字がファイルに含まれています。
C:\Users\saway\Desktop\プロジェクト\_Cheat\CounterStrike-Source-ExternalCheat\CFramework\Cheat\Features.cpp(1,1): warning C4828: オフセット 0x615 から始まる、現在のソースの文字セット (コードページ 65001) では使用できない文字がファイルに含まれています。
C:\Users\saway\Desktop\プロジェクト\_Cheat\CounterStrike-Source-ExternalCheat\CFramework\Cheat\Features.cpp(1,1): warning C4828: オフセット 0x616 から始まる、現在のソースの文字セット (コードページ 65001) では使用できない文字がファイルに含まれています。
C:\Users\saway\Desktop\プロジェクト\_Cheat\CounterStrike-Source-ExternalCheat\CFramework\Cheat\Features.cpp(1,1): warning C4828: オフセット 0x61d から始まる、現在のソースの文字セット (コードページ 65001) では使用できない文字がファイルに含まれています。
C:\Users\saway\Desktop\プロジェクト\_Cheat\CounterStrike-Source-ExternalCheat\CFramework\Cheat\Features.cpp(1,1): warning C4828: オフセット 0x61f から始まる、現在のソースの文字セット (コードページ 65001) では使用できない文字がファイルに含まれています。
C:\Users\saway\Desktop\プロジェクト\_Cheat\CounterStrike-Source-ExternalCheat\CFramework\Cheat\Features.cpp(1,1): warning C4828: オフセット 0x621 から始まる、現在のソースの文字セット (コードページ 65001) では使用できない文字がファイルに含まれています。
C:\Users\saway\Desktop\プロジェクト\_Cheat\CounterStrike-Source-ExternalCheat\CFramework\Cheat\Features.cpp(1,1): warning C4828: オフセット 0x623 から始まる、現在のソースの文字セット (コードページ 65001) では使用できない文字がファイルに含まれています。
C:\Users\saway\Desktop\プロジェクト\_Cheat\CounterStrike-Source-ExternalCheat\CFramework\Cheat\Features.cpp(1,1): warning C4828: オフセット 0x625 から始まる、現在のソースの文字セット (コードページ 65001) では使用できない文字がファイルに含まれています。
C:\Users\saway\Desktop\プロジェクト\_Cheat\CounterStrike-Source-ExternalCheat\CFramework\Cheat\Features.cpp(1,1): warning C4828: オフセット 0x626 から始まる、現在のソースの文字セット (コードページ 65001) では使用できない文字がファイルに含まれています。
C:\Users\saway\Desktop\プロジェクト\_Cheat\CounterStrike-Source-ExternalCheat\CFramework\Cheat\Features.cpp(1,1): warning C4828: オフセット 0x627 から始まる、現在のソースの文字セット (コードページ 65001) では使用できない文字がファイルに含まれています。
C:\Users\saway\Desktop\プロジェクト\_Cheat\CounterStrike-Source-ExternalCheat\CFramework\Cheat\Features.cpp(1,1): warning C4828: オフセット 0x628 から始まる、現在のソースの文字セット (コードページ 65001) では使用できない文字がファイルに含まれています。
C:\Users\saway\Desktop\プロジェクト\_Cheat\CounterStrike-Source-ExternalCheat\CFramework\Cheat\Features.cpp(1,1): warning C4828: オフセット 0x62b から始まる、現在のソースの文字セット (コードページ 65001) では使用できない文字がファイルに含まれています。
C:\Users\saway\Desktop\プロジェクト\_Cheat\CounterStrike-Source-ExternalCheat\CFramework\Cheat\Features.cpp(1,1): warning C4828: オフセット 0x62d から始まる、現在のソースの文字セット (コードページ 65001) では使用できない文字がファイルに含まれています。
C:\Users\saway\Desktop\プロジェクト\_Cheat\CounterStrike-Source-ExternalCheat\CFramework\Cheat\Features.cpp(1,1): warning C4828: オフセット 0x62f から始まる、現在のソースの文字セット (コードページ 65001) では使用できない文字がファイルに含まれています。
C:\Users\saway\Desktop\プロジェクト\_Cheat\CounterStrike-Source-ExternalCheat\CFramework\Cheat\Features.cpp(1,1): warning C4828: オフセット 0x630 から始まる、現在のソースの文字セット (コードページ 65001) では使用できない文字がファイルに含まれています。
C:\Users\saway\Desktop\プロジェクト\_Cheat\CounterStrike-Source-ExternalCheat\CFramework\Cheat\Features.cpp(1,1): warning C4828: オフセット 0x631 から始まる、現在のソースの文字セット (コードページ 65001) では使用できない文字がファイルに含まれています。
C:\Users\saway\Desktop\プロジェクト\_Cheat\CounterStrike-Source-ExternalCheat\CFramework\Cheat\Features.cpp(1,1): warning C4828: オフセット 0x632 から始まる、現在のソースの文字セット (コードページ 65001) では使用できない文字がファイルに含まれています。
C:\Users\saway\Desktop\プロジェクト\_Cheat\CounterStrike-Source-ExternalCheat\CFramework\Cheat\Features.cpp(1,1): warning C4828: オフセット 0x638 から始まる、現在のソースの文字セット (コードページ 65001) では使用できない文字がファイルに含まれています。
C:\Users\saway\Desktop\プロジェクト\_Cheat\CounterStrike-Source-ExternalCheat\CFramework\Cheat\Features.cpp(1,1): warning C4828: オフセット 0x639 から始まる、現在のソースの文字セット (コードページ 65001) では使用できない文字がファイルに含まれています。
C:\Users\saway\Desktop\プロジェクト\_Cheat\CounterStrike-Source-ExternalCheat\CFramework\Cheat\Features.cpp(1,1): warning C4828: オフセット 0x63c から始まる、現在のソースの文字セット (コードページ 65001) では使用できない文字がファイルに含まれています。
C:\Users\saway\Desktop\プロジェクト\_Cheat\CounterStrike-Source-ExternalCheat\CFramework\Cheat\Features.cpp(1,1): warning C4828: オフセット 0x63d から始まる、現在のソースの文字セット (コードページ 65001) では使用できない文字がファイルに含まれています。
C:\Users\saway\Desktop\プロジェクト\_Cheat\CounterStrike-Source-ExternalCheat\CFramework\Cheat\Features.cpp(1,1): warning C4828: オフセット 0x63e から始まる、現在のソースの文字セット (コードページ 65001) では使用できない文字がファイルに含まれています。
C:\Users\saway\Desktop\プロジェクト\_Cheat\CounterStrike-Source-ExternalCheat\CFramework\Cheat\Features.cpp(1,1): warning C4828: オフセット 0x648 から始まる、現在のソースの文字セット (コードページ 65001) では使用できない文字がファイルに含まれています。
C:\Users\saway\Desktop\プロジェクト\_Cheat\CounterStrike-Source-ExternalCheat\CFramework\Cheat\Features.cpp(1,1): warning C4828: オフセット 0x649 から始まる、現在のソースの文字セット (コードページ 65001) では使用できない文字がファイルに含まれています。
C:\Users\saway\Desktop\プロジェクト\_Cheat\CounterStrike-Source-ExternalCheat\CFramework\Cheat\Features.cpp(1,1): warning C4828: オフセット 0x64a から始まる、現在のソースの文字セット (コードページ 65001) では使用できない文字がファイルに含まれています。
C:\Users\saway\Desktop\プロジェクト\_Cheat\CounterStrike-Source-ExternalCheat\CFramework\Cheat\Features.cpp(1,1): warning C4828: オフセット 0x6af から始まる、現在のソースの文字セット (コードページ 65001) では使用できない文字がファイルに含まれています。
C:\Users\saway\Desktop\プロジェクト\_Cheat\CounterStrike-Source-ExternalCheat\CFramework\Cheat\Features.cpp(1,1): warning C4828: オフセット 0x6b1 から始まる、現在のソースの文字セット (コードページ 65001) では使用できない文字がファイルに含まれています。
C:\Users\saway\Desktop\プロジェクト\_Cheat\CounterStrike-Source-ExternalCheat\CFramework\Cheat\Features.cpp(1,1): warning C4828: オフセット 0x6b2 から始まる、現在のソースの文字セット (コードページ 65001) では使用できない文字がファイルに含まれています。
C:\Users\saway\Desktop\プロジェクト\_Cheat\CounterStrike-Source-ExternalCheat\CFramework\Cheat\Features.cpp(1,1): warning C4828: オフセット 0x6b3 から始まる、現在のソースの文字セット (コードページ 65001) では使用できない文字がファイルに含まれています。
C:\Users\saway\Desktop\プロジェクト\_Cheat\CounterStrike-Source-ExternalCheat\CFramework\Cheat\Features.cpp(1,1): warning C4828: オフセット 0x6b5 から始まる、現在のソースの文字セット (コードページ 65001) では使用できない文字がファイルに含まれています。
C:\Users\saway\Desktop\プロジェクト\_Cheat\CounterStrike-Source-ExternalCheat\CFramework\Cheat\Features.cpp(1,1): warning C4828: オフセット 0x6b6 から始まる、現在のソースの文字セット (コードページ 65001) では使用できない文字がファイルに含まれています。
C:\Users\saway\Desktop\プロジェクト\_Cheat\CounterStrike-Source-ExternalCheat\CFramework\Cheat\Features.cpp(1,1): warning C4828: オフセット 0x6b7 から始まる、現在のソースの文字セット (コードページ 65001) では使用できない文字がファイルに含まれています。
C:\Users\saway\Desktop\プロジェクト\_Cheat\CounterStrike-Source-ExternalCheat\CFramework\Cheat\Features.cpp(1,1): warning C4828: オフセット 0x6b9 から始まる、現在のソースの文字セット (コードページ 65001) では使用できない文字がファイルに含まれています。
C:\Users\saway\Desktop\プロジェクト\_Cheat\CounterStrike-Source-ExternalCheat\CFramework\Cheat\Features.cpp(1,1): warning C4828: オフセット 0x6ba から始まる、現在のソースの文字セット (コードページ 65001) では使用できない文字がファイルに含まれています。
C:\Users\saway\Desktop\プロジェクト\_Cheat\CounterStrike-Source-ExternalCheat\CFramework\Cheat\Features.cpp(1,1): warning C4828: オフセット 0x6bb から始まる、現在のソースの文字セット (コードページ 65001) では使用できない文字がファイルに含まれています。
C:\Users\saway\Desktop\プロジェクト\_Cheat\CounterStrike-Source-ExternalCheat\CFramework\Cheat\SDK\GameSDK\GameSDK.h(73,15): warning C4091: 'extern ': 変数が何も宣言されていないときは、'Bone' の左辺を無視します。
  (ソース ファイル 'Cheat/Features.cpp' をコンパイルしています)
  
C:\Users\saway\Desktop\プロジェクト\_Cheat\CounterStrike-Source-ExternalCheat\CFramework\Cheat\FrameCore.h(36,102): warning C4244: '引数': 'int' から 'float' への変換です。データが失われる可能性があります。
  (ソース ファイル 'Cheat/Features.cpp' をコンパイルしています)
  
C:\Users\saway\Desktop\プロジェクト\_Cheat\CounterStrike-Source-ExternalCheat\CFramework\Cheat\FrameCore.h(36,93): warning C4244: '引数': 'int' から 'float' への変換です。データが失われる可能性があります。
  (ソース ファイル 'Cheat/Features.cpp' をコンパイルしています)
  
C:\Users\saway\Desktop\プロジェクト\_Cheat\CounterStrike-Source-ExternalCheat\CFramework\Cheat\FrameCore.h(36,76): warning C4244: '引数': 'int' から 'float' への変換です。データが失われる可能性があります。
  (ソース ファイル 'Cheat/Features.cpp' をコンパイルしています)
  
C:\Users\saway\Desktop\プロジェクト\_Cheat\CounterStrike-Source-ExternalCheat\CFramework\Cheat\FrameCore.h(36,67): warning C4244: '引数': 'int' から 'float' への変換です。データが失われる可能性があります。
  (ソース ファイル 'Cheat/Features.cpp' をコンパイルしています)
  
C:\Users\saway\Desktop\プロジェクト\_Cheat\CounterStrike-Source-ExternalCheat\CFramework\Cheat\FrameCore.h(45,78): warning C4244: '引数': 'int' から 'float' への変換です。データが失われる可能性があります。
  (ソース ファイル 'Cheat/Features.cpp' をコンパイルしています)
  
C:\Users\saway\Desktop\プロジェクト\_Cheat\CounterStrike-Source-ExternalCheat\CFramework\Cheat\FrameCore.h(45,66): warning C4244: '引数': 'int' から 'float' への変換です。データが失われる可能性があります。
  (ソース ファイル 'Cheat/Features.cpp' をコンパイルしています)
  
C:\Users\saway\Desktop\プロジェクト\_Cheat\CounterStrike-Source-ExternalCheat\CFramework\Cheat\FrameCore.h(49,116): warning C4244: '引数': 'int' から 'float' への変換です。データが失われる可能性があります。
  (ソース ファイル 'Cheat/Features.cpp' をコンパイルしています)
  
C:\Users\saway\Desktop\プロジェクト\_Cheat\CounterStrike-Source-ExternalCheat\CFramework\Cheat\FrameCore.h(49,104): warning C4244: '引数': 'int' から 'float' への変換です。データが失われる可能性があります。
  (ソース ファイル 'Cheat/Features.cpp' をコンパイルしています)
  
C:\Users\saway\Desktop\プロジェクト\_Cheat\CounterStrike-Source-ExternalCheat\CFramework\Cheat\FrameCore.h(53,112): warning C4244: '引数': 'int' から 'float' への変換です。データが失われる可能性があります。
  (ソース ファイル 'Cheat/Features.cpp' をコンパイルしています)
  
C:\Users\saway\Desktop\プロジェクト\_Cheat\CounterStrike-Source-ExternalCheat\CFramework\Cheat\FrameCore.h(53,96): warning C4244: '引数': 'int' から 'float' への変換です。データが失われる可能性があります。
  (ソース ファイル 'Cheat/Features.cpp' をコンパイルしています)
  
C:\Users\saway\Desktop\プロジェクト\_Cheat\CounterStrike-Source-ExternalCheat\CFramework\Cheat\FrameCore.h(54,105): warning C4244: '引数': 'int' から 'float' への変換です。データが失われる可能性があります。
  (ソース ファイル 'Cheat/Features.cpp' をコンパイルしています)
  
C:\Users\saway\Desktop\プロジェクト\_Cheat\CounterStrike-Source-ExternalCheat\CFramework\Cheat\FrameCore.h(54,93): warning C4244: '引数': 'int' から 'float' への変換です。データが失われる可能性があります。
  (ソース ファイル 'Cheat/Features.cpp' をコンパイルしています)
  
  Menu.cpp
C:\Users\saway\Desktop\プロジェクト\_Cheat\CounterStrike-Source-ExternalCheat\CFramework\Cheat\SDK\GameSDK\GameSDK.h(73,15): warning C4091: 'extern ': 変数が何も宣言されていないときは、'Bone' の左辺を無視します。
  (ソース ファイル 'Cheat/Menu.cpp' をコンパイルしています)
  
C:\Users\saway\Desktop\プロジェクト\_Cheat\CounterStrike-Source-ExternalCheat\CFramework\Cheat\FrameCore.h(36,102): warning C4244: '引数': 'int' から 'float' への変換です。データが失われる可能性があります。
  (ソース ファイル 'Cheat/Menu.cpp' をコンパイルしています)
  
C:\Users\saway\Desktop\プロジェクト\_Cheat\CounterStrike-Source-ExternalCheat\CFramework\Cheat\FrameCore.h(36,93): warning C4244: '引数': 'int' から 'float' への変換です。データが失われる可能性があります。
  (ソース ファイル 'Cheat/Menu.cpp' をコンパイルしています)
  
C:\Users\saway\Desktop\プロジェクト\_Cheat\CounterStrike-Source-ExternalCheat\CFramework\Cheat\FrameCore.h(36,76): warning C4244: '引数': 'int' から 'float' への変換です。データが失われる可能性があります。
  (ソース ファイル 'Cheat/Menu.cpp' をコンパイルしています)
  
C:\Users\saway\Desktop\プロジェクト\_Cheat\CounterStrike-Source-ExternalCheat\CFramework\Cheat\FrameCore.h(36,67): warning C4244: '引数': 'int' から 'float' への変換です。データが失われる可能性があります。
  (ソース ファイル 'Cheat/Menu.cpp' をコンパイルしています)
  
C:\Users\saway\Desktop\プロジェクト\_Cheat\CounterStrike-Source-ExternalCheat\CFramework\Cheat\FrameCore.h(45,78): warning C4244: '引数': 'int' から 'float' への変換です。データが失われる可能性があります。
  (ソース ファイル 'Cheat/Menu.cpp' をコンパイルしています)
  
C:\Users\saway\Desktop\プロジェクト\_Cheat\CounterStrike-Source-ExternalCheat\CFramework\Cheat\FrameCore.h(45,66): warning C4244: '引数': 'int' から 'float' への変換です。データが失われる可能性があります。
  (ソース ファイル 'Cheat/Menu.cpp' をコンパイルしています)
  
C:\Users\saway\Desktop\プロジェクト\_Cheat\CounterStrike-Source-ExternalCheat\CFramework\Cheat\FrameCore.h(49,116): warning C4244: '引数': 'int' から 'float' への変換です。データが失われる可能性があります。
  (ソース ファイル 'Cheat/Menu.cpp' をコンパイルしています)
  
C:\Users\saway\Desktop\プロジェクト\_Cheat\CounterStrike-Source-ExternalCheat\CFramework\Cheat\FrameCore.h(49,104): warning C4244: '引数': 'int' から 'float' への変換です。データが失われる可能性があります。
  (ソース ファイル 'Cheat/Menu.cpp' をコンパイルしています)
  
C:\Users\saway\Desktop\プロジェクト\_Cheat\CounterStrike-Source-ExternalCheat\CFramework\Cheat\FrameCore.h(53,112): warning C4244: '引数': 'int' から 'float' への変換です。データが失われる可能性があります。
  (ソース ファイル 'Cheat/Menu.cpp' をコンパイルしています)
  
C:\Users\saway\Desktop\プロジェクト\_Cheat\CounterStrike-Source-ExternalCheat\CFramework\Cheat\FrameCore.h(53,96): warning C4244: '引数': 'int' から 'float' への変換です。データが失われる可能性があります。
  (ソース ファイル 'Cheat/Menu.cpp' をコンパイルしています)
  
C:\Users\saway\Desktop\プロジェクト\_Cheat\CounterStrike-Source-ExternalCheat\CFramework\Cheat\FrameCore.h(54,105): warning C4244: '引数': 'int' から 'float' への変換です。データが失われる可能性があります。
  (ソース ファイル 'Cheat/Menu.cpp' をコンパイルしています)
  
C:\Users\saway\Desktop\プロジェクト\_Cheat\CounterStrike-Source-ExternalCheat\CFramework\Cheat\FrameCore.h(54,93): warning C4244: '引数': 'int' から 'float' への変換です。データが失われる可能性があります。
  (ソース ファイル 'Cheat/Menu.cpp' をコンパイルしています)
  
C:\Users\saway\Desktop\プロジェクト\_Cheat\CounterStrike-Source-ExternalCheat\CFramework\Cheat\Menu.cpp(27,23): warning C4018: '<': signed と unsigned の数値を比較しようとしました。
  CEntity.cpp
C:\Users\saway\Desktop\プロジェクト\_Cheat\CounterStrike-Source-ExternalCheat\CFramework\Cheat\SDK\GameSDK\GameSDK.h(73,15): warning C4091: 'extern ': 変数が何も宣言されていないときは、'Bone' の左辺を無視します。
  (ソース ファイル 'Cheat/SDK/CEntity/CEntity.cpp' をコンパイルしています)
  
  GameSDK.cpp
C:\Users\saway\Desktop\プロジェクト\_Cheat\CounterStrike-Source-ExternalCheat\CFramework\Cheat\SDK\GameSDK\GameSDK.cpp(1,1): warning C4828: オフセット 0x6a から始まる、現在のソースの文字セット (コードページ 65001) では使用できない文字がファイルに含まれています。
C:\Users\saway\Desktop\プロジェクト\_Cheat\CounterStrike-Source-ExternalCheat\CFramework\Cheat\SDK\GameSDK\GameSDK.cpp(1,1): warning C4828: オフセット 0x6b から始まる、現在のソースの文字セット (コードページ 65001) では使用できない文字がファイルに含まれています。
C:\Users\saway\Desktop\プロジェクト\_Cheat\CounterStrike-Source-ExternalCheat\CFramework\Cheat\SDK\GameSDK\GameSDK.cpp(1,1): warning C4828: オフセット 0x6c から始まる、現在のソースの文字セット (コードページ 65001) では使用できない文字がファイルに含まれています。
C:\Users\saway\Desktop\プロジェクト\_Cheat\CounterStrike-Source-ExternalCheat\CFramework\Cheat\SDK\GameSDK\GameSDK.cpp(1,1): warning C4828: オフセット 0x6f から始まる、現在のソースの文字セット (コードページ 65001) では使用できない文字がファイルに含まれています。
C:\Users\saway\Desktop\プロジェクト\_Cheat\CounterStrike-Source-ExternalCheat\CFramework\Cheat\SDK\GameSDK\GameSDK.cpp(1,1): warning C4828: オフセット 0x70 から始まる、現在のソースの文字セット (コードページ 65001) では使用できない文字がファイルに含まれています。
C:\Users\saway\Desktop\プロジェクト\_Cheat\CounterStrike-Source-ExternalCheat\CFramework\Cheat\SDK\GameSDK\GameSDK.cpp(1,1): warning C4828: オフセット 0x73 から始まる、現在のソースの文字セット (コードページ 65001) では使用できない文字がファイルに含まれています。
C:\Users\saway\Desktop\プロジェクト\_Cheat\CounterStrike-Source-ExternalCheat\CFramework\Cheat\SDK\GameSDK\GameSDK.cpp(1,1): warning C4828: オフセット 0x7f から始まる、現在のソースの文字セット (コードページ 65001) では使用できない文字がファイルに含まれています。
C:\Users\saway\Desktop\プロジェクト\_Cheat\CounterStrike-Source-ExternalCheat\CFramework\Cheat\SDK\GameSDK\GameSDK.cpp(1,1): warning C4828: オフセット 0x83 から始まる、現在のソースの文字セット (コードページ 65001) では使用できない文字がファイルに含まれています。
C:\Users\saway\Desktop\プロジェクト\_Cheat\CounterStrike-Source-ExternalCheat\CFramework\Cheat\SDK\GameSDK\GameSDK.cpp(1,1): warning C4828: オフセット 0x84 から始まる、現在のソースの文字セット (コードページ 65001) では使用できない文字がファイルに含まれています。
C:\Users\saway\Desktop\プロジェクト\_Cheat\CounterStrike-Source-ExternalCheat\CFramework\Cheat\SDK\GameSDK\GameSDK.cpp(1,1): warning C4828: オフセット 0x85 から始まる、現在のソースの文字セット (コードページ 65001) では使用できない文字がファイルに含まれています。
C:\Users\saway\Desktop\プロジェクト\_Cheat\CounterStrike-Source-ExternalCheat\CFramework\Cheat\SDK\GameSDK\GameSDK.cpp(1,1): warning C4828: オフセット 0x86 から始まる、現在のソースの文字セット (コードページ 65001) では使用できない文字がファイルに含まれています。
C:\Users\saway\Desktop\プロジェクト\_Cheat\CounterStrike-Source-ExternalCheat\CFramework\Cheat\SDK\GameSDK\GameSDK.cpp(1,1): warning C4828: オフセット 0x87 から始まる、現在のソースの文字セット (コードページ 65001) では使用できない文字がファイルに含まれています。
C:\Users\saway\Desktop\プロジェクト\_Cheat\CounterStrike-Source-ExternalCheat\CFramework\Cheat\SDK\GameSDK\GameSDK.cpp(1,1): warning C4828: オフセット 0x88 から始まる、現在のソースの文字セット (コードページ 65001) では使用できない文字がファイルに含まれています。
C:\Users\saway\Desktop\プロジェクト\_Cheat\CounterStrike-Source-ExternalCheat\CFramework\Cheat\SDK\GameSDK\GameSDK.cpp(1,1): warning C4828: オフセット 0x89 から始まる、現在のソースの文字セット (コードページ 65001) では使用できない文字がファイルに含まれています。
C:\Users\saway\Desktop\プロジェクト\_Cheat\CounterStrike-Source-ExternalCheat\CFramework\Cheat\SDK\GameSDK\GameSDK.cpp(1,1): warning C4828: オフセット 0x8a から始まる、現在のソースの文字セット (コードページ 65001) では使用できない文字がファイルに含まれています。
C:\Users\saway\Desktop\プロジェクト\_Cheat\CounterStrike-Source-ExternalCheat\CFramework\Cheat\SDK\GameSDK\GameSDK.cpp(1,1): warning C4828: オフセット 0x8d から始まる、現在のソースの文字セット (コードページ 65001) では使用できない文字がファイルに含まれています。
C:\Users\saway\Desktop\プロジェクト\_Cheat\CounterStrike-Source-ExternalCheat\CFramework\Cheat\SDK\GameSDK\GameSDK.cpp(1,1): warning C4828: オフセット 0x8e から始まる、現在のソースの文字セット (コードページ 65001) では使用できない文字がファイルに含まれています。
C:\Users\saway\Desktop\プロジェクト\_Cheat\CounterStrike-Source-ExternalCheat\CFramework\Cheat\SDK\GameSDK\GameSDK.cpp(1,1): warning C4828: オフセット 0x8f から始まる、現在のソースの文字セット (コードページ 65001) では使用できない文字がファイルに含まれています。
C:\Users\saway\Desktop\プロジェクト\_Cheat\CounterStrike-Source-ExternalCheat\CFramework\Cheat\SDK\GameSDK\GameSDK.cpp(1,1): warning C4828: オフセット 0x91 から始まる、現在のソースの文字セット (コードページ 65001) では使用できない文字がファイルに含まれています。
C:\Users\saway\Desktop\プロジェクト\_Cheat\CounterStrike-Source-ExternalCheat\CFramework\Cheat\SDK\GameSDK\GameSDK.cpp(1,1): warning C4828: オフセット 0x93 から始まる、現在のソースの文字セット (コードページ 65001) では使用できない文字がファイルに含まれています。
C:\Users\saway\Desktop\プロジェクト\_Cheat\CounterStrike-Source-ExternalCheat\CFramework\Cheat\SDK\GameSDK\GameSDK.h(73,15): warning C4091: 'extern ': 変数が何も宣言されていないときは、'Bone' の左辺を無視します。
  (ソース ファイル 'Cheat/SDK/GameSDK/GameSDK.cpp' をコンパイルしています)
  
  Visual.cpp
C:\Users\saway\Desktop\プロジェクト\_Cheat\CounterStrike-Source-ExternalCheat\CFramework\Cheat\SDK\GameSDK\GameSDK.h(73,15): warning C4091: 'extern ': 変数が何も宣言されていないときは、'Bone' の左辺を無視します。
  (ソース ファイル 'Cheat/Visual.cpp' をコンパイルしています)
  
C:\Users\saway\Desktop\プロジェクト\_Cheat\CounterStrike-Source-ExternalCheat\CFramework\Cheat\FrameCore.h(36,102): warning C4244: '引数': 'int' から 'float' への変換です。データが失われる可能性があります。
  (ソース ファイル 'Cheat/Visual.cpp' をコンパイルしています)
  
C:\Users\saway\Desktop\プロジェクト\_Cheat\CounterStrike-Source-ExternalCheat\CFramework\Cheat\FrameCore.h(36,93): warning C4244: '引数': 'int' から 'float' への変換です。データが失われる可能性があります。
  (ソース ファイル 'Cheat/Visual.cpp' をコンパイルしています)
  
C:\Users\saway\Desktop\プロジェクト\_Cheat\CounterStrike-Source-ExternalCheat\CFramework\Cheat\FrameCore.h(36,76): warning C4244: '引数': 'int' から 'float' への変換です。データが失われる可能性があります。
  (ソース ファイル 'Cheat/Visual.cpp' をコンパイルしています)
  
C:\Users\saway\Desktop\プロジェクト\_Cheat\CounterStrike-Source-ExternalCheat\CFramework\Cheat\FrameCore.h(36,67): warning C4244: '引数': 'int' から 'float' への変換です。データが失われる可能性があります。
  (ソース ファイル 'Cheat/Visual.cpp' をコンパイルしています)
  
C:\Users\saway\Desktop\プロジェクト\_Cheat\CounterStrike-Source-ExternalCheat\CFramework\Cheat\FrameCore.h(45,78): warning C4244: '引数': 'int' から 'float' への変換です。データが失われる可能性があります。
  (ソース ファイル 'Cheat/Visual.cpp' をコンパイルしています)
  
C:\Users\saway\Desktop\プロジェクト\_Cheat\CounterStrike-Source-ExternalCheat\CFramework\Cheat\FrameCore.h(45,66): warning C4244: '引数': 'int' から 'float' への変換です。データが失われる可能性があります。
  (ソース ファイル 'Cheat/Visual.cpp' をコンパイルしています)
  
C:\Users\saway\Desktop\プロジェクト\_Cheat\CounterStrike-Source-ExternalCheat\CFramework\Cheat\FrameCore.h(49,116): warning C4244: '引数': 'int' から 'float' への変換です。データが失われる可能性があります。
  (ソース ファイル 'Cheat/Visual.cpp' をコンパイルしています)
  
C:\Users\saway\Desktop\プロジェクト\_Cheat\CounterStrike-Source-ExternalCheat\CFramework\Cheat\FrameCore.h(49,104): warning C4244: '引数': 'int' から 'float' への変換です。データが失われる可能性があります。
  (ソース ファイル 'Cheat/Visual.cpp' をコンパイルしています)
  
C:\Users\saway\Desktop\プロジェクト\_Cheat\CounterStrike-Source-ExternalCheat\CFramework\Cheat\FrameCore.h(53,112): warning C4244: '引数': 'int' から 'float' への変換です。データが失われる可能性があります。
  (ソース ファイル 'Cheat/Visual.cpp' をコンパイルしています)
  
C:\Users\saway\Desktop\プロジェクト\_Cheat\CounterStrike-Source-ExternalCheat\CFramework\Cheat\FrameCore.h(53,96): warning C4244: '引数': 'int' から 'float' への変換です。データが失われる可能性があります。
  (ソース ファイル 'Cheat/Visual.cpp' をコンパイルしています)
  
C:\Users\saway\Desktop\プロジェクト\_Cheat\CounterStrike-Source-ExternalCheat\CFramework\Cheat\FrameCore.h(54,105): warning C4244: '引数': 'int' から 'float' への変換です。データが失われる可能性があります。
  (ソース ファイル 'Cheat/Visual.cpp' をコンパイルしています)
  
C:\Users\saway\Desktop\プロジェクト\_Cheat\CounterStrike-Source-ExternalCheat\CFramework\Cheat\FrameCore.h(54,93): warning C4244: '引数': 'int' から 'float' への変換です。データが失われる可能性があります。
  (ソース ファイル 'Cheat/Visual.cpp' をコンパイルしています)
  
C:\Users\saway\Desktop\プロジェクト\_Cheat\CounterStrike-Source-ExternalCheat\CFramework\Cheat\Visual.cpp(19,80): warning C4244: '引数': 'LONG' から 'float' への変換です。データが失われる可能性があります。
C:\Users\saway\Desktop\プロジェクト\_Cheat\CounterStrike-Source-ExternalCheat\CFramework\Cheat\Visual.cpp(19,55): warning C4244: '引数': 'LONG' から 'float' への変換です。データが失われる可能性があります。
C:\Users\saway\Desktop\プロジェクト\_Cheat\CounterStrike-Source-ExternalCheat\CFramework\Cheat\Visual.cpp(24,154): warning C4244: '引数': 'int' から 'float' への変換です。データが失われる可能性があります。
C:\Users\saway\Desktop\プロジェクト\_Cheat\CounterStrike-Source-ExternalCheat\CFramework\Cheat\Visual.cpp(25,137): warning C4244: '引数': 'int' から 'float' への変換です。データが失われる可能性があります。
C:\Users\saway\Desktop\プロジェクト\_Cheat\CounterStrike-Source-ExternalCheat\CFramework\Cheat\Visual.cpp(82,19): warning C4244: '=': 'float' から 'int' への変換です。データが失われる可能性があります。
C:\Users\saway\Desktop\プロジェクト\_Cheat\CounterStrike-Source-ExternalCheat\CFramework\Cheat\Visual.cpp(83,18): warning C4244: '=': 'float' から 'int' への変換です。データが失われる可能性があります。
C:\Users\saway\Desktop\プロジェクト\_Cheat\CounterStrike-Source-ExternalCheat\CFramework\Cheat\Visual.cpp(84,20): warning C4244: '=': 'float' から 'int' への変換です。データが失われる可能性があります。
C:\Users\saway\Desktop\プロジェクト\_Cheat\CounterStrike-Source-ExternalCheat\CFramework\Cheat\Visual.cpp(85,21): warning C4244: '=': 'float' から 'int' への変換です。データが失われる可能性があります。
C:\Users\saway\Desktop\プロジェクト\_Cheat\CounterStrike-Source-ExternalCheat\CFramework\Cheat\Visual.cpp(90,37): warning C4244: '=': 'float' から 'int' への変換です。データが失われる可能性があります。
C:\Users\saway\Desktop\プロジェクト\_Cheat\CounterStrike-Source-ExternalCheat\CFramework\Cheat\Visual.cpp(92,39): warning C4244: '=': 'float' から 'int' への変換です。データが失われる可能性があります。
C:\Users\saway\Desktop\プロジェクト\_Cheat\CounterStrike-Source-ExternalCheat\CFramework\Cheat\Visual.cpp(94,38): warning C4244: '=': 'float' から 'int' への変換です。データが失われる可能性があります。
C:\Users\saway\Desktop\プロジェクト\_Cheat\CounterStrike-Source-ExternalCheat\CFramework\Cheat\Visual.cpp(96,36): warning C4244: '=': 'float' から 'int' への変換です。データが失われる可能性があります。
C:\Users\saway\Desktop\プロジェクト\_Cheat\CounterStrike-Source-ExternalCheat\CFramework\Cheat\Visual.cpp(110,121): warning C4244: '引数': 'int' から 'float' への変換です。データが失われる可能性があります。
C:\Users\saway\Desktop\プロジェクト\_Cheat\CounterStrike-Source-ExternalCheat\CFramework\Cheat\Visual.cpp(117,96): warning C4244: '引数': 'int' から 'float' への変換です。データが失われる可能性があります。
C:\Users\saway\Desktop\プロジェクト\_Cheat\CounterStrike-Source-ExternalCheat\CFramework\Cheat\Visual.cpp(117,89): warning C4244: '引数': 'int' から 'float' への変換です。データが失われる可能性があります。
C:\Users\saway\Desktop\プロジェクト\_Cheat\CounterStrike-Source-ExternalCheat\CFramework\Cheat\Visual.cpp(117,76): warning C4244: '引数': 'int' から 'float' への変換です。データが失われる可能性があります。
C:\Users\saway\Desktop\プロジェクト\_Cheat\CounterStrike-Source-ExternalCheat\CFramework\Cheat\Visual.cpp(117,70): warning C4244: '引数': 'int' から 'float' への変換です。データが失われる可能性があります。
C:\Users\saway\Desktop\プロジェクト\_Cheat\CounterStrike-Source-ExternalCheat\CFramework\Cheat\Visual.cpp(123,75): warning C4244: '引数': 'int' から 'float' への変換です。データが失われる可能性があります。
C:\Users\saway\Desktop\プロジェクト\_Cheat\CounterStrike-Source-ExternalCheat\CFramework\Cheat\Visual.cpp(123,66): warning C4244: '引数': 'int' から 'float' への変換です。データが失われる可能性があります。
C:\Users\saway\Desktop\プロジェクト\_Cheat\CounterStrike-Source-ExternalCheat\CFramework\Cheat\Visual.cpp(123,47): warning C4244: '引数': 'int' から 'float' への変換です。データが失われる可能性があります。
C:\Users\saway\Desktop\プロジェクト\_Cheat\CounterStrike-Source-ExternalCheat\CFramework\Cheat\Visual.cpp(123,38): warning C4244: '引数': 'int' から 'float' への変換です。データが失われる可能性があります。
C:\Users\saway\Desktop\プロジェクト\_Cheat\CounterStrike-Source-ExternalCheat\CFramework\Cheat\Visual.cpp(124,73): warning C4244: '引数': 'int' から 'float' への変換です。データが失われる可能性があります。
C:\Users\saway\Desktop\プロジェクト\_Cheat\CounterStrike-Source-ExternalCheat\CFramework\Cheat\Visual.cpp(124,61): warning C4244: '引数': 'int' から 'float' への変換です。データが失われる可能性があります。
C:\Users\saway\Desktop\プロジェクト\_Cheat\CounterStrike-Source-ExternalCheat\CFramework\Cheat\Visual.cpp(124,43): warning C4244: '引数': 'int' から 'float' への変換です。データが失われる可能性があります。
C:\Users\saway\Desktop\プロジェクト\_Cheat\CounterStrike-Source-ExternalCheat\CFramework\Cheat\Visual.cpp(124,38): warning C4244: '引数': 'int' から 'float' への変換です。データが失われる可能性があります。
C:\Users\saway\Desktop\プロジェクト\_Cheat\CounterStrike-Source-ExternalCheat\CFramework\Cheat\Visual.cpp(125,75): warning C4244: '引数': 'int' から 'float' への変換です。データが失われる可能性があります。
C:\Users\saway\Desktop\プロジェクト\_Cheat\CounterStrike-Source-ExternalCheat\CFramework\Cheat\Visual.cpp(125,63): warning C4244: '引数': 'int' から 'float' への変換です。データが失われる可能性があります。
C:\Users\saway\Desktop\プロジェクト\_Cheat\CounterStrike-Source-ExternalCheat\CFramework\Cheat\Visual.cpp(125,44): warning C4244: '引数': 'int' から 'float' への変換です。データが失われる可能性があります。
C:\Users\saway\Desktop\プロジェクト\_Cheat\CounterStrike-Source-ExternalCheat\CFramework\Cheat\Visual.cpp(125,39): warning C4244: '引数': 'int' から 'float' への変換です。データが失われる可能性があります。
C:\Users\saway\Desktop\プロジェクト\_Cheat\CounterStrike-Source-ExternalCheat\CFramework\Cheat\Visual.cpp(126,81): warning C4244: '引数': 'int' から 'float' への変換です。データが失われる可能性があります。
C:\Users\saway\Desktop\プロジェクト\_Cheat\CounterStrike-Source-ExternalCheat\CFramework\Cheat\Visual.cpp(126,69): warning C4244: '引数': 'int' から 'float' への変換です。データが失われる可能性があります。
C:\Users\saway\Desktop\プロジェクト\_Cheat\CounterStrike-Source-ExternalCheat\CFramework\Cheat\Visual.cpp(126,50): warning C4244: '引数': 'int' から 'float' への変換です。データが失われる可能性があります。
C:\Users\saway\Desktop\プロジェクト\_Cheat\CounterStrike-Source-ExternalCheat\CFramework\Cheat\Visual.cpp(126,38): warning C4244: '引数': 'int' から 'float' への変換です。データが失われる可能性があります。
C:\Users\saway\Desktop\プロジェクト\_Cheat\CounterStrike-Source-ExternalCheat\CFramework\Cheat\Visual.cpp(129,59): warning C4244: '引数': 'int' から 'float' への変換です。データが失われる可能性があります。
C:\Users\saway\Desktop\プロジェクト\_Cheat\CounterStrike-Source-ExternalCheat\CFramework\Cheat\Visual.cpp(129,52): warning C4244: '引数': 'int' から 'float' への変換です。データが失われる可能性があります。
C:\Users\saway\Desktop\プロジェクト\_Cheat\CounterStrike-Source-ExternalCheat\CFramework\Cheat\Visual.cpp(129,39): warning C4244: '引数': 'int' から 'float' への変換です。データが失われる可能性があります。
C:\Users\saway\Desktop\プロジェクト\_Cheat\CounterStrike-Source-ExternalCheat\CFramework\Cheat\Visual.cpp(129,33): warning C4244: '引数': 'int' から 'float' への変換です。データが失われる可能性があります。
C:\Users\saway\Desktop\プロジェクト\_Cheat\CounterStrike-Source-ExternalCheat\CFramework\Cheat\Visual.cpp(130,58): warning C4244: '引数': 'int' から 'float' への変換です。データが失われる可能性があります。
C:\Users\saway\Desktop\プロジェクト\_Cheat\CounterStrike-Source-ExternalCheat\CFramework\Cheat\Visual.cpp(130,52): warning C4244: '引数': 'int' から 'float' への変換です。データが失われる可能性があります。
C:\Users\saway\Desktop\プロジェクト\_Cheat\CounterStrike-Source-ExternalCheat\CFramework\Cheat\Visual.cpp(130,39): warning C4244: '引数': 'int' から 'float' への変換です。データが失われる可能性があります。
C:\Users\saway\Desktop\プロジェクト\_Cheat\CounterStrike-Source-ExternalCheat\CFramework\Cheat\Visual.cpp(130,33): warning C4244: '引数': 'int' から 'float' への変換です。データが失われる可能性があります。
C:\Users\saway\Desktop\プロジェクト\_Cheat\CounterStrike-Source-ExternalCheat\CFramework\Cheat\Visual.cpp(131,60): warning C4244: '引数': 'int' から 'float' への変換です。データが失われる可能性があります。
C:\Users\saway\Desktop\プロジェクト\_Cheat\CounterStrike-Source-ExternalCheat\CFramework\Cheat\Visual.cpp(131,53): warning C4244: '引数': 'int' から 'float' への変換です。データが失われる可能性があります。
C:\Users\saway\Desktop\プロジェクト\_Cheat\CounterStrike-Source-ExternalCheat\CFramework\Cheat\Visual.cpp(131,40): warning C4244: '引数': 'int' から 'float' への変換です。データが失われる可能性があります。
C:\Users\saway\Desktop\プロジェクト\_Cheat\CounterStrike-Source-ExternalCheat\CFramework\Cheat\Visual.cpp(131,33): warning C4244: '引数': 'int' から 'float' への変換です。データが失われる可能性があります。
C:\Users\saway\Desktop\プロジェクト\_Cheat\CounterStrike-Source-ExternalCheat\CFramework\Cheat\Visual.cpp(132,66): warning C4244: '引数': 'int' から 'float' への変換です。データが失われる可能性があります。
C:\Users\saway\Desktop\プロジェクト\_Cheat\CounterStrike-Source-ExternalCheat\CFramework\Cheat\Visual.cpp(132,61): warning C4244: '引数': 'int' から 'float' への変換です。データが失われる可能性があります。
C:\Users\saway\Desktop\プロジェクト\_Cheat\CounterStrike-Source-ExternalCheat\CFramework\Cheat\Visual.cpp(132,39): warning C4244: '引数': 'int' から 'float' への変換です。データが失われる可能性があります。
C:\Users\saway\Desktop\プロジェクト\_Cheat\CounterStrike-Source-ExternalCheat\CFramework\Cheat\Visual.cpp(132,33): warning C4244: '引数': 'int' から 'float' への変換です。データが失われる可能性があります。
C:\Users\saway\Desktop\プロジェクト\_Cheat\CounterStrike-Source-ExternalCheat\CFramework\Cheat\Visual.cpp(135,67): warning C4244: '引数': 'int' から 'float' への変換です。データが失われる可能性があります。
C:\Users\saway\Desktop\プロジェクト\_Cheat\CounterStrike-Source-ExternalCheat\CFramework\Cheat\Visual.cpp(135,57): warning C4244: '引数': 'int' から 'float' への変換です。データが失われる可能性があります。
C:\Users\saway\Desktop\プロジェクト\_Cheat\CounterStrike-Source-ExternalCheat\CFramework\Cheat\Visual.cpp(135,39): warning C4244: '引数': 'int' から 'float' への変換です。データが失われる可能性があります。
C:\Users\saway\Desktop\プロジェクト\_Cheat\CounterStrike-Source-ExternalCheat\CFramework\Cheat\Visual.cpp(135,33): warning C4244: '引数': 'int' から 'float' への変換です。データが失われる可能性があります。
C:\Users\saway\Desktop\プロジェクト\_Cheat\CounterStrike-Source-ExternalCheat\CFramework\Cheat\Visual.cpp(136,69): warning C4244: '引数': 'int' から 'float' への変換です。データが失われる可能性があります。
C:\Users\saway\Desktop\プロジェクト\_Cheat\CounterStrike-Source-ExternalCheat\CFramework\Cheat\Visual.cpp(136,59): warning C4244: '引数': 'int' から 'float' への変換です。データが失われる可能性があります。
C:\Users\saway\Desktop\プロジェクト\_Cheat\CounterStrike-Source-ExternalCheat\CFramework\Cheat\Visual.cpp(136,40): warning C4244: '引数': 'int' から 'float' への変換です。データが失われる可能性があります。
C:\Users\saway\Desktop\プロジェクト\_Cheat\CounterStrike-Source-ExternalCheat\CFramework\Cheat\Visual.cpp(136,33): warning C4244: '引数': 'int' から 'float' への変換です。データが失われる可能性があります。
C:\Users\saway\Desktop\プロジェクト\_Cheat\CounterStrike-Source-ExternalCheat\CFramework\Cheat\Visual.cpp(137,62): warning C4244: '引数': 'int' から 'float' への変換です。データが失われる可能性があります。
C:\Users\saway\Desktop\プロジェクト\_Cheat\CounterStrike-Source-ExternalCheat\CFramework\Cheat\Visual.cpp(137,52): warning C4244: '引数': 'int' から 'float' への変換です。データが失われる可能性があります。
C:\Users\saway\Desktop\プロジェクト\_Cheat\CounterStrike-Source-ExternalCheat\CFramework\Cheat\Visual.cpp(137,39): warning C4244: '引数': 'int' から 'float' への変換です。データが失われる可能性があります。
C:\Users\saway\Desktop\プロジェクト\_Cheat\CounterStrike-Source-ExternalCheat\CFramework\Cheat\Visual.cpp(137,33): warning C4244: '引数': 'int' から 'float' への変換です。データが失われる可能性があります。
C:\Users\saway\Desktop\プロジェクト\_Cheat\CounterStrike-Source-ExternalCheat\CFramework\Cheat\Visual.cpp(138,68): warning C4244: '引数': 'int' から 'float' への変換です。データが失われる可能性があります。
C:\Users\saway\Desktop\プロジェクト\_Cheat\CounterStrike-Source-ExternalCheat\CFramework\Cheat\Visual.cpp(138,55): warning C4244: '引数': 'int' から 'float' への変換です。データが失われる可能性があります。
C:\Users\saway\Desktop\プロジェクト\_Cheat\CounterStrike-Source-ExternalCheat\CFramework\Cheat\Visual.cpp(138,39): warning C4244: '引数': 'int' から 'float' への変換です。データが失われる可能性があります。
C:\Users\saway\Desktop\プロジェクト\_Cheat\CounterStrike-Source-ExternalCheat\CFramework\Cheat\Visual.cpp(138,33): warning C4244: '引数': 'int' から 'float' への変換です。データが失われる可能性があります。
C:\Users\saway\Desktop\プロジェクト\_Cheat\CounterStrike-Source-ExternalCheat\CFramework\Cheat\Visual.cpp(139,64): warning C4244: '引数': 'int' から 'float' への変換です。データが失われる可能性があります。
C:\Users\saway\Desktop\プロジェクト\_Cheat\CounterStrike-Source-ExternalCheat\CFramework\Cheat\Visual.cpp(139,53): warning C4244: '引数': 'int' から 'float' への変換です。データが失われる可能性があります。
C:\Users\saway\Desktop\プロジェクト\_Cheat\CounterStrike-Source-ExternalCheat\CFramework\Cheat\Visual.cpp(139,40): warning C4244: '引数': 'int' から 'float' への変換です。データが失われる可能性があります。
C:\Users\saway\Desktop\プロジェクト\_Cheat\CounterStrike-Source-ExternalCheat\CFramework\Cheat\Visual.cpp(139,33): warning C4244: '引数': 'int' から 'float' への変換です。データが失われる可能性があります。
C:\Users\saway\Desktop\プロジェクト\_Cheat\CounterStrike-Source-ExternalCheat\CFramework\Cheat\Visual.cpp(140,70): warning C4244: '引数': 'int' から 'float' への変換です。データが失われる可能性があります。
C:\Users\saway\Desktop\プロジェクト\_Cheat\CounterStrike-Source-ExternalCheat\CFramework\Cheat\Visual.cpp(140,56): warning C4244: '引数': 'int' から 'float' への変換です。データが失われる可能性があります。
C:\Users\saway\Desktop\プロジェクト\_Cheat\CounterStrike-Source-ExternalCheat\CFramework\Cheat\Visual.cpp(140,40): warning C4244: '引数': 'int' から 'float' への変換です。データが失われる可能性があります。
C:\Users\saway\Desktop\プロジェクト\_Cheat\CounterStrike-Source-ExternalCheat\CFramework\Cheat\Visual.cpp(140,33): warning C4244: '引数': 'int' から 'float' への変換です。データが失われる可能性があります。
C:\Users\saway\Desktop\プロジェクト\_Cheat\CounterStrike-Source-ExternalCheat\CFramework\Cheat\Visual.cpp(141,70): warning C4244: '引数': 'int' から 'float' への変換です。データが失われる可能性があります。
C:\Users\saway\Desktop\プロジェクト\_Cheat\CounterStrike-Source-ExternalCheat\CFramework\Cheat\Visual.cpp(141,60): warning C4244: '引数': 'int' から 'float' への変換です。データが失われる可能性があります。
C:\Users\saway\Desktop\プロジェクト\_Cheat\CounterStrike-Source-ExternalCheat\CFramework\Cheat\Visual.cpp(141,39): warning C4244: '引数': 'int' から 'float' への変換です。データが失われる可能性があります。
C:\Users\saway\Desktop\プロジェクト\_Cheat\CounterStrike-Source-ExternalCheat\CFramework\Cheat\Visual.cpp(141,33): warning C4244: '引数': 'int' から 'float' への変換です。データが失われる可能性があります。
C:\Users\saway\Desktop\プロジェクト\_Cheat\CounterStrike-Source-ExternalCheat\CFramework\Cheat\Visual.cpp(142,72): warning C4244: '引数': 'int' から 'float' への変換です。データが失われる可能性があります。
C:\Users\saway\Desktop\プロジェクト\_Cheat\CounterStrike-Source-ExternalCheat\CFramework\Cheat\Visual.cpp(142,62): warning C4244: '引数': 'int' から 'float' への変換です。データが失われる可能性があります。
C:\Users\saway\Desktop\プロジェクト\_Cheat\CounterStrike-Source-ExternalCheat\CFramework\Cheat\Visual.cpp(142,40): warning C4244: '引数': 'int' から 'float' への変換です。データが失われる可能性があります。
C:\Users\saway\Desktop\プロジェクト\_Cheat\CounterStrike-Source-ExternalCheat\CFramework\Cheat\Visual.cpp(142,33): warning C4244: '引数': 'int' から 'float' への変換です。データが失われる可能性があります。
C:\Users\saway\Desktop\プロジェクト\_Cheat\CounterStrike-Source-ExternalCheat\CFramework\Cheat\Visual.cpp(192,46): warning C4244: '引数': 'int' から 'float' への変換です。データが失われる可能性があります。
C:\Users\saway\Desktop\プロジェクト\_Cheat\CounterStrike-Source-ExternalCheat\CFramework\Cheat\Visual.cpp(192,35): warning C4244: '引数': 'int' から 'float' への変換です。データが失われる可能性があります。
C:\Users\saway\Desktop\プロジェクト\_Cheat\CounterStrike-Source-ExternalCheat\CFramework\Cheat\Visual.cpp(192,29): warning C4244: '引数': 'int' から 'float' への変換です。データが失われる可能性があります。
  Custom.cpp
  imgui.cpp
  imgui_demo.cpp
  imgui_draw.cpp
  imgui_impl_dx11.cpp
  imgui_impl_win32.cpp
  imgui_tables.cpp
  imgui_widgets.cpp
  Manager.cpp
C:\Users\saway\Desktop\プロジェクト\_Cheat\CounterStrike-Source-ExternalCheat\CFramework\Framework\Overlay\Overlay.h(5,10): warning C4067: プリプロセッサ ディレクティブの後に余分な文字がありました - 改行が必要です
  (ソース ファイル 'Framework/Overlay/Manager.cpp' をコンパイルしています)
  
  Overlay.cpp
C:\Users\saway\Desktop\プロジェクト\_Cheat\CounterStrike-Source-ExternalCheat\CFramework\Framework\Overlay\Overlay.cpp(1,1): warning C4828: オフセット 0x77a から始まる、現在のソースの文字セット (コードページ 65001) では使用できない文字がファイルに含まれています。
C:\Users\saway\Desktop\プロジェクト\_Cheat\CounterStrike-Source-ExternalCheat\CFramework\Framework\Overlay\Overlay.cpp(1,1): warning C4828: オフセット 0x77c から始まる、現在のソースの文字セット (コードページ 65001) では使用できない文字がファイルに含まれています。
C:\Users\saway\Desktop\プロジェクト\_Cheat\CounterStrike-Source-ExternalCheat\CFramework\Framework\Overlay\Overlay.cpp(1,1): warning C4828: オフセット 0x77e から始まる、現在のソースの文字セット (コードページ 65001) では使用できない文字がファイルに含まれています。
C:\Users\saway\Desktop\プロジェクト\_Cheat\CounterStrike-Source-ExternalCheat\CFramework\Framework\Overlay\Overlay.cpp(1,1): warning C4828: オフセット 0x780 から始まる、現在のソースの文字セット (コードページ 65001) では使用できない文字がファイルに含まれています。
C:\Users\saway\Desktop\プロジェクト\_Cheat\CounterStrike-Source-ExternalCheat\CFramework\Framework\Overlay\Overlay.cpp(1,1): warning C4828: オフセット 0x782 から始まる、現在のソースの文字セット (コードページ 65001) では使用できない文字がファイルに含まれています。
C:\Users\saway\Desktop\プロジェクト\_Cheat\CounterStrike-Source-ExternalCheat\CFramework\Framework\Overlay\Overlay.cpp(1,1): warning C4828: オフセット 0x783 から始まる、現在のソースの文字セット (コードページ 65001) では使用できない文字がファイルに含まれています。
C:\Users\saway\Desktop\プロジェクト\_Cheat\CounterStrike-Source-ExternalCheat\CFramework\Framework\Overlay\Overlay.cpp(1,1): warning C4828: オフセット 0x784 から始まる、現在のソースの文字セット (コードページ 65001) では使用できない文字がファイルに含まれています。
C:\Users\saway\Desktop\プロジェクト\_Cheat\CounterStrike-Source-ExternalCheat\CFramework\Framework\Overlay\Overlay.cpp(1,1): warning C4828: オフセット 0x786 から始まる、現在のソースの文字セット (コードページ 65001) では使用できない文字がファイルに含まれています。
C:\Users\saway\Desktop\プロジェクト\_Cheat\CounterStrike-Source-ExternalCheat\CFramework\Framework\Overlay\Overlay.cpp(1,1): warning C4828: オフセット 0x788 から始まる、現在のソースの文字セット (コードページ 65001) では使用できない文字がファイルに含まれています。
C:\Users\saway\Desktop\プロジェクト\_Cheat\CounterStrike-Source-ExternalCheat\CFramework\Framework\Overlay\Overlay.cpp(1,1): warning C4828: オフセット 0x78a から始まる、現在のソースの文字セット (コードページ 65001) では使用できない文字がファイルに含まれています。
C:\Users\saway\Desktop\プロジェクト\_Cheat\CounterStrike-Source-ExternalCheat\CFramework\Framework\Overlay\Overlay.cpp(1,1): warning C4828: オフセット 0x78b から始まる、現在のソースの文字セット (コードページ 65001) では使用できない文字がファイルに含まれています。
C:\Users\saway\Desktop\プロジェクト\_Cheat\CounterStrike-Source-ExternalCheat\CFramework\Framework\Overlay\Overlay.cpp(1,1): warning C4828: オフセット 0x78c から始まる、現在のソースの文字セット (コードページ 65001) では使用できない文字がファイルに含まれています。
C:\Users\saway\Desktop\プロジェクト\_Cheat\CounterStrike-Source-ExternalCheat\CFramework\Framework\Overlay\Overlay.cpp(1,1): warning C4828: オフセット 0x78e から始まる、現在のソースの文字セット (コードページ 65001) では使用できない文字がファイルに含まれています。
C:\Users\saway\Desktop\プロジェクト\_Cheat\CounterStrike-Source-ExternalCheat\CFramework\Framework\Overlay\Overlay.cpp(1,1): warning C4828: オフセット 0x790 から始まる、現在のソースの文字セット (コードページ 65001) では使用できない文字がファイルに含まれています。
C:\Users\saway\Desktop\プロジェクト\_Cheat\CounterStrike-Source-ExternalCheat\CFramework\Framework\Overlay\Overlay.cpp(1,1): warning C4828: オフセット 0x796 から始まる、現在のソースの文字セット (コードページ 65001) では使用できない文字がファイルに含まれています。
C:\Users\saway\Desktop\プロジェクト\_Cheat\CounterStrike-Source-ExternalCheat\CFramework\Framework\Overlay\Overlay.cpp(1,1): warning C4828: オフセット 0x797 から始まる、現在のソースの文字セット (コードページ 65001) では使用できない文字がファイルに含まれています。
C:\Users\saway\Desktop\プロジェクト\_Cheat\CounterStrike-Source-ExternalCheat\CFramework\Framework\Overlay\Overlay.cpp(1,1): warning C4828: オフセット 0x79a から始まる、現在のソースの文字セット (コードページ 65001) では使用できない文字がファイルに含まれています。
C:\Users\saway\Desktop\プロジェクト\_Cheat\CounterStrike-Source-ExternalCheat\CFramework\Framework\Overlay\Overlay.cpp(1,1): warning C4828: オフセット 0x79c から始まる、現在のソースの文字セット (コードページ 65001) では使用できない文字がファイルに含まれています。
C:\Users\saway\Desktop\プロジェクト\_Cheat\CounterStrike-Source-ExternalCheat\CFramework\Framework\Overlay\Overlay.cpp(1,1): warning C4828: オフセット 0x79e から始まる、現在のソースの文字セット (コードページ 65001) では使用できない文字がファイルに含まれています。
C:\Users\saway\Desktop\プロジェクト\_Cheat\CounterStrike-Source-ExternalCheat\CFramework\Framework\Overlay\Overlay.cpp(1,1): warning C4828: オフセット 0x79f から始まる、現在のソースの文字セット (コードページ 65001) では使用できない文字がファイルに含まれています。
C:\Users\saway\Desktop\プロジェクト\_Cheat\CounterStrike-Source-ExternalCheat\CFramework\Framework\Overlay\Overlay.cpp(1,1): warning C4828: オフセット 0x7a0 から始まる、現在のソースの文字セット (コードページ 65001) では使用できない文字がファイルに含まれています。
C:\Users\saway\Desktop\プロジェクト\_Cheat\CounterStrike-Source-ExternalCheat\CFramework\Framework\Overlay\Overlay.cpp(1,1): warning C4828: オフセット 0x7a4 から始まる、現在のソースの文字セット (コードページ 65001) では使用できない文字がファイルに含まれています。
C:\Users\saway\Desktop\プロジェクト\_Cheat\CounterStrike-Source-ExternalCheat\CFramework\Framework\Overlay\Overlay.cpp(1,1): warning C4828: オフセット 0x7a6 から始まる、現在のソースの文字セット (コードページ 65001) では使用できない文字がファイルに含まれています。
C:\Users\saway\Desktop\プロジェクト\_Cheat\CounterStrike-Source-ExternalCheat\CFramework\Framework\Overlay\Overlay.cpp(1,1): warning C4828: オフセット 0x7a8 から始まる、現在のソースの文字セット (コードページ 65001) では使用できない文字がファイルに含まれています。
C:\Users\saway\Desktop\プロジェクト\_Cheat\CounterStrike-Source-ExternalCheat\CFramework\Framework\Overlay\Overlay.h(5,10): warning C4067: プリプロセッサ ディレクティブの後に余分な文字がありました - 改行が必要です
  (ソース ファイル 'Framework/Overlay/Overlay.cpp' をコンパイルしています)
  
  Config.cpp
  Memory.cpp
  Utils.cpp
  main.cpp
C:\Users\saway\Desktop\プロジェクト\_Cheat\CounterStrike-Source-ExternalCheat\CFramework\Cheat\SDK\GameSDK\GameSDK.h(73,15): warning C4091: 'extern ': 変数が何も宣言されていないときは、'Bone' の左辺を無視します。
  (ソース ファイル 'main.cpp' をコンパイルしています)
  
C:\Users\saway\Desktop\プロジェクト\_Cheat\CounterStrike-Source-ExternalCheat\CFramework\Cheat\FrameCore.h(36,102): warning C4244: '引数': 'int' から 'float' への変換です。データが失われる可能性があります。
  (ソース ファイル 'main.cpp' をコンパイルしています)
  
C:\Users\saway\Desktop\プロジェクト\_Cheat\CounterStrike-Source-ExternalCheat\CFramework\Cheat\FrameCore.h(36,93): warning C4244: '引数': 'int' から 'float' への変換です。データが失われる可能性があります。
  (ソース ファイル 'main.cpp' をコンパイルしています)
  
C:\Users\saway\Desktop\プロジェクト\_Cheat\CounterStrike-Source-ExternalCheat\CFramework\Cheat\FrameCore.h(36,76): warning C4244: '引数': 'int' から 'float' への変換です。データが失われる可能性があります。
  (ソース ファイル 'main.cpp' をコンパイルしています)
  
C:\Users\saway\Desktop\プロジェクト\_Cheat\CounterStrike-Source-ExternalCheat\CFramework\Cheat\FrameCore.h(36,67): warning C4244: '引数': 'int' から 'float' への変換です。データが失われる可能性があります。
  (ソース ファイル 'main.cpp' をコンパイルしています)
  
C:\Users\saway\Desktop\プロジェクト\_Cheat\CounterStrike-Source-ExternalCheat\CFramework\Cheat\FrameCore.h(45,78): warning C4244: '引数': 'int' から 'float' への変換です。データが失われる可能性があります。
  (ソース ファイル 'main.cpp' をコンパイルしています)
  
C:\Users\saway\Desktop\プロジェクト\_Cheat\CounterStrike-Source-ExternalCheat\CFramework\Cheat\FrameCore.h(45,66): warning C4244: '引数': 'int' から 'float' への変換です。データが失われる可能性があります。
  (ソース ファイル 'main.cpp' をコンパイルしています)
  
C:\Users\saway\Desktop\プロジェクト\_Cheat\CounterStrike-Source-ExternalCheat\CFramework\Cheat\FrameCore.h(49,116): warning C4244: '引数': 'int' から 'float' への変換です。データが失われる可能性があります。
  (ソース ファイル 'main.cpp' をコンパイルしています)
  
C:\Users\saway\Desktop\プロジェクト\_Cheat\CounterStrike-Source-ExternalCheat\CFramework\Cheat\FrameCore.h(49,104): warning C4244: '引数': 'int' から 'float' への変換です。データが失われる可能性があります。
  (ソース ファイル 'main.cpp' をコンパイルしています)
  
C:\Users\saway\Desktop\プロジェクト\_Cheat\CounterStrike-Source-ExternalCheat\CFramework\Cheat\FrameCore.h(53,112): warning C4244: '引数': 'int' から 'float' への変換です。データが失われる可能性があります。
  (ソース ファイル 'main.cpp' をコンパイルしています)
  
C:\Users\saway\Desktop\プロジェクト\_Cheat\CounterStrike-Source-ExternalCheat\CFramework\Cheat\FrameCore.h(53,96): warning C4244: '引数': 'int' から 'float' への変換です。データが失われる可能性があります。
  (ソース ファイル 'main.cpp' をコンパイルしています)
  
C:\Users\saway\Desktop\プロジェクト\_Cheat\CounterStrike-Source-ExternalCheat\CFramework\Cheat\FrameCore.h(54,105): warning C4244: '引数': 'int' から 'float' への変換です。データが失われる可能性があります。
  (ソース ファイル 'main.cpp' をコンパイルしています)
  
C:\Users\saway\Desktop\プロジェクト\_Cheat\CounterStrike-Source-ExternalCheat\CFramework\Cheat\FrameCore.h(54,93): warning C4244: '引数': 'int' から 'float' への変換です。データが失われる可能性があります。
  (ソース ファイル 'main.cpp' をコンパイルしています)
  
C:\Users\saway\Desktop\プロジェクト\_Cheat\CounterStrike-Source-ExternalCheat\CFramework\Framework\Overlay\Overlay.h(5,10): warning C4067: プリプロセッサ ディレクティブの後に余分な文字がありました - 改行が必要です
  (ソース ファイル 'main.cpp' をコンパイルしています)
  
  コード生成しています。
  Previous IPDB not found, fall back to full compilation.
  All 2084 functions were compiled because no usable IPDB/IOBJ from previous compilation was found.
  コード生成が終了しました。
  CFramework.vcxproj -> C:\Users\saway\Desktop\プロジェクト\_Cheat\CounterStrike-Source-ExternalCheat\Release\CFramework.exe
